<?xml version="1.0" encoding="UTF-8"?>
<!-- Generated by org.testng.reporters.JUnitReportReporter -->
<testsuite hostname="IL-IT-PRAVEENT" failures="0" tests="9" name="com.unified.infinity.uitest.admin.UnifiedProfile" time="240.183" errors="0" timestamp="2023-02-14T09:20:13 IST" skipped="2">
  <testcase classname="com.unified.infinity.uitest.admin.UnifiedProfile" name="ChangeProfilePicture" time="27.125"/>
  <system-out/>
  <testcase classname="com.unified.infinity.uitest.admin.UnifiedProfile" name="ChangePassword" time="12.216"/>
  <system-out/>
  <testcase classname="com.unified.infinity.uitest.admin.UnifiedProfile" name="ChangePassword2" time="22.245"/>
  <system-out/>
  <testcase classname="com.unified.infinity.uitest.admin.UnifiedProfile" name="ChangePassword3" time="13.148"/>
  <system-out/>
  <testcase classname="com.unified.infinity.uitest.admin.UnifiedProfile" name="Profile" time="107.283"/>
  <system-out/>
  <testcase classname="com.unified.infinity.uitest.admin.UnifiedProfile" name="SelectGrade11" time="28.599"/>
  <system-out/>
  <testcase classname="com.unified.infinity.uitest.admin.UnifiedProfile" name="ProfileUpdate" time="29.567"/>
  <system-out/>
  <testcase classname="com.unified.infinity.uitest.admin.UnifiedProfile" name="Onlylogin">
    <skipped/>
  </testcase> <!-- Onlylogin -->
  <system-out/>
  <testcase classname="com.unified.infinity.uitest.admin.UnifiedProfile" name="ChangePassword4">
    <skipped/>
  </testcase> <!-- ChangePassword4 -->
  <system-out/>
</testsuite> <!-- com.unified.infinity.uitest.admin.UnifiedProfile -->
