<?xml version="1.0" encoding="UTF-8"?>
<!-- Generated by org.testng.reporters.JUnitReportReporter -->
<testsuite hostname="IL-IT-DHEERAJREDDY" failures="0" tests="2" name="com.unified.infinity.uitest.admin.UAMSanity" time="9.879" errors="0" timestamp="2023-02-15T16:46:05 IST" skipped="1">
  <testcase classname="com.unified.infinity.uitest.admin.UAMSanity" name="SignInWithPassword" time="9.879"/>
  <system-out/>
  <testcase classname="com.unified.infinity.uitest.admin.UAMSanity" name="SignUP">
    <skipped/>
  </testcase> <!-- SignUP -->
  <system-out/>
</testsuite> <!-- com.unified.infinity.uitest.admin.UAMSanity -->
