<?xml version="1.0" encoding="UTF-8"?>
<!-- Generated by org.testng.reporters.JUnitReportReporter -->
<testsuite hostname="IL-IT-DHEERAJREDDY" failures="0" tests="9" name="com.unified.infinity.uitest.admin.UAMSanity" time="265.216" errors="0" timestamp="2023-02-15T10:39:40 IST" skipped="1">
  <testcase classname="com.unified.infinity.uitest.admin.UAMSanity" name="UnifiedForgotPass" time="29.909"/>
  <system-out/>
  <testcase classname="com.unified.infinity.uitest.admin.UAMSanity" name="SignInWithPassword" time="16.336"/>
  <system-out/>
  <testcase classname="com.unified.infinity.uitest.admin.UAMSanity" name="ChangePassword" time="41.017"/>
  <system-out/>
  <testcase classname="com.unified.infinity.uitest.admin.UAMSanity" name="ChangePasswordWithOTP" time="30.605"/>
  <system-out/>
  <testcase classname="com.unified.infinity.uitest.admin.UAMSanity" name="Profile" time="103.708"/>
  <system-out/>
  <testcase classname="com.unified.infinity.uitest.admin.UAMSanity" name="PersonalProfileUpdate" time="24.024"/>
  <system-out/>
  <testcase classname="com.unified.infinity.uitest.admin.UAMSanity" name="VerifyPhone" time="6.798"/>
  <system-out/>
  <testcase classname="com.unified.infinity.uitest.admin.UAMSanity" name="UnifiedOtp" time="12.819"/>
  <system-out/>
  <testcase classname="com.unified.infinity.uitest.admin.UAMSanity" name="SignUP">
    <skipped/>
  </testcase> <!-- SignUP -->
  <system-out/>
</testsuite> <!-- com.unified.infinity.uitest.admin.UAMSanity -->
